<?xml version="1.0" encoding="UTF-8" ?>
<testsuite 
errors="0" failures="0" hostname="sam-XPS-15-9550" name="controllers.ProblemReportsControllerSpec" tests="10" time="0.807" timestamp="2017-04-10T13:51:51">
  <properties>
[...]
</properties>
  <testcase 
  name="Reporting a problem should return 200 and a valid html page for a valid request and js is not enabled for an unauthenticated user" classname="controllers.ProblemReportsControllerSpec" time="0.439">
</testcase>
  <testcase 
  name="Reporting a problem should return 200 and a valid html page for a valid request and js is not enabled for an authenticated user" classname="controllers.ProblemReportsControllerSpec" time="0.016">
</testcase>
  <testcase 
  name="Reporting a problem should return 200 and a valid json for a valid request and js is enabled" classname="controllers.ProblemReportsControllerSpec" time="0.171">
</testcase>
  <testcase 
  name="Reporting a problem should return 200 and a valid html page for invalid input and js is not enabled" classname="controllers.ProblemReportsControllerSpec" time="0.015">
</testcase>
  <testcase 
  name="Reporting a problem should return 400 and a valid json for invalid input and js is enabled" classname="controllers.ProblemReportsControllerSpec" time="0.005">
</testcase>
  <testcase 
  name="Reporting a problem should fail if the email has invalid syntax (for DeskPRO)" classname="controllers.ProblemReportsControllerSpec" time="0.007">
</testcase>
  <testcase 
  name="Reporting a problem should fail if the name has invalid characters - Javascript disabled" classname="controllers.ProblemReportsControllerSpec" time="0.009">
</testcase>
  <testcase 
  name="Reporting a problem should Return error page if the Deskpro ticket creation fails - Javascript disabled" classname="controllers.ProblemReportsControllerSpec" time="0.01">
</testcase>
  <testcase 
  name="Reporting a problem should render the thank you message given" classname="controllers.ProblemReportsControllerSpec" time="0.008">
</testcase>
  <testcase 
  name="Reporting a problem should render the default thank you message if one is not provided" classname="controllers.ProblemReportsControllerSpec" time="0.009">
</testcase>
  <system-out><![CDATA[]]></system-out>
  <system-err><![CDATA[]]></system-err>
</testsuite>
