<?xml version="1.0" encoding="UTF-8" ?>
<testsuite 
errors="0" failures="0" hostname="sam-XPS-15-9550" name="connectors.deskpro.domain.FieldTransformerSpec" tests="15" time="0.203" timestamp="2017-04-10T13:51:50">
  <properties>
[...]
</properties>
  <testcase 
  name="Field Transformer should transform javascript not enabled" classname="connectors.deskpro.domain.FieldTransformerSpec" time="0.08">
</testcase>
  <testcase 
  name="Field Transformer should transform javascript  enabled" classname="connectors.deskpro.domain.FieldTransformerSpec" time="0.001">
</testcase>
  <testcase 
  name="Field Transformer should use area of tax as unknown" classname="connectors.deskpro.domain.FieldTransformerSpec" time="0.001">
</testcase>
  <testcase 
  name="Field Transformer should transform userId in the header carrier to user id" classname="connectors.deskpro.domain.FieldTransformerSpec" time="0.001">
</testcase>
  <testcase 
  name="Field Transformer should transform no userId in the header carrier to n/a" classname="connectors.deskpro.domain.FieldTransformerSpec" time="0.001">
</testcase>
  <testcase 
  name="Field Transformer should transforms userId in the header carrier to user id" classname="connectors.deskpro.domain.FieldTransformerSpec" time="0.004">
</testcase>
  <testcase 
  name="Field Transformer should transforms userId in the header carrier to n/a if the suppressUserIdInSupportRequests session key is set to true" classname="connectors.deskpro.domain.FieldTransformerSpec" time="0.001">
</testcase>
  <testcase 
  name="Field Transformer should transforms no userId in the header carrier to n/a" classname="connectors.deskpro.domain.FieldTransformerSpec" time="0.001">
</testcase>
  <testcase 
  name="Field Transformer should transform  sessionId in the header carrier to session id" classname="connectors.deskpro.domain.FieldTransformerSpec" time="0.002">
</testcase>
  <testcase 
  name="Field Transformer should transform no sessionId in the header carrier to n/a" classname="connectors.deskpro.domain.FieldTransformerSpec" time="0.001">
</testcase>
  <testcase 
  name="Field Transformer should transform user agent in the request headers to user agent" classname="connectors.deskpro.domain.FieldTransformerSpec" time="0.001">
</testcase>
  <testcase 
  name="Field Transformer should transform no user agent in the request headers to n/a" classname="connectors.deskpro.domain.FieldTransformerSpec" time="0.001">
</testcase>
  <testcase 
  name="Field Transformer should transform non authorised user to UserTaxIdentifiers containing no identifiers" classname="connectors.deskpro.domain.FieldTransformerSpec" time="0.002">
</testcase>
  <testcase 
  name="Field Transformer should transform paye authorised user to UserTaxIdentifiers containing one identifier i.e. the SH233544B" classname="connectors.deskpro.domain.FieldTransformerSpec" time="0.002">
</testcase>
  <testcase 
  name="Field Transformer should transform business tax authorised user to UserTaxIdentifiers containing all the Business Tax Identifiers" classname="connectors.deskpro.domain.FieldTransformerSpec" time="0.001">
</testcase>
  <system-out><![CDATA[]]></system-out>
  <system-err><![CDATA[]]></system-err>
</testsuite>
